<?xml version="1.0" encoding="UTF-8"?>
<!-- Generated by org.testng.reporters.JUnitXMLReporter -->
<testsuite hostname="HDC3-LX-FMRTLC2" ignored="0" name="Default test" tests="3" failures="0" timestamp="15 Jun 2018 10:01:26 GMT" time="0.958" errors="0">
  <testcase name="testLogin" time="0.004" classname="com.hybridFramework.TestDataDrivenScript"/>
  <testcase name="testLogin" time="0.002" classname="com.hybridFramework.TestDataDrivenScript"/>
  <testcase name="testLogin" time="0.002" classname="com.hybridFramework.TestDataDrivenScript"/>
</testsuite> <!-- Default test -->
