<?xml version="1.0" encoding="UTF-8"?>
<!-- Generated by org.testng.reporters.JUnitXMLReporter -->
<testsuite hostname="user-PC" ignored="0" name="Test" tests="3" failures="0" timestamp="29 Jun 2018 08:04:46 GMT" time="2.464" errors="0">
  <testcase name="testLogin" time="0.005" classname="com.hybridFramework.TestDataDrivenScript"/>
  <testcase name="testLogin" time="0.002" classname="com.hybridFramework.TestDataDrivenScript"/>
  <testcase name="testLogin" time="0.001" classname="com.hybridFramework.TestDataDrivenScript"/>
</testsuite> <!-- Test -->
